{
  "Cucumber Features": {
    "coverage": {
      "/home/evantilu/Columbia/4995_ESaaS/saas_final_project/app/controllers/application_controller.rb": {
        "lines": [
          1,
          1,
          null
        ]
      },
      "/home/evantilu/Columbia/4995_ESaaS/saas_final_project/app/helpers/application_helper.rb": {
        "lines": [
          1,
          null
        ]
      },
      "/home/evantilu/Columbia/4995_ESaaS/saas_final_project/app/helpers/events_helper.rb": {
        "lines": [
          1,
          null
        ]
      },
      "/home/evantilu/Columbia/4995_ESaaS/saas_final_project/app/models/user.rb": {
        "lines": [
          1,
          1,
          null,
          1,
          null,
          1,
          1,
          null
        ]
      },
      "/home/evantilu/Columbia/4995_ESaaS/saas_final_project/app/models/application_record.rb": {
        "lines": [
          1,
          1,
          null
        ]
      },
      "/home/evantilu/Columbia/4995_ESaaS/saas_final_project/app/controllers/events_controller.rb": {
        "lines": [
          1,
          null,
          null,
          1,
          null,
          1,
          10,
          null,
          null,
          1,
          2,
          null,
          null,
          1,
          2,
          2,
          null,
          null,
          1,
          1,
          1,
          1,
          1,
          null,
          null,
          1,
          1,
          1,
          null,
          null,
          null,
          1,
          null,
          1,
          2,
          null,
          null,
          null,
          null
        ]
      },
      "/home/evantilu/Columbia/4995_ESaaS/saas_final_project/app/models/event.rb": {
        "lines": [
          1,
          1,
          null,
          1,
          null
        ]
      },
      "/home/evantilu/Columbia/4995_ESaaS/saas_final_project/app/models/group.rb": {
        "lines": [
          1,
          1,
          null,
          1,
          1,
          1,
          null,
          1,
          23,
          null,
          null,
          null
        ]
      },
      "/home/evantilu/Columbia/4995_ESaaS/saas_final_project/app/controllers/groups_controller.rb": {
        "lines": [
          1,
          1,
          3,
          null,
          null,
          null,
          1,
          0,
          null,
          null,
          1,
          3,
          3,
          3,
          0,
          0,
          0,
          null,
          3,
          3,
          null,
          null,
          1,
          7,
          null,
          null,
          null,
          null,
          7,
          7,
          2,
          null,
          7,
          null,
          7,
          7,
          7,
          null,
          null,
          1,
          0,
          0,
          null,
          0,
          0,
          0,
          null,
          null,
          0,
          0,
          null,
          null,
          null,
          1,
          null,
          1,
          6,
          null,
          null
        ]
      },
      "/home/evantilu/Columbia/4995_ESaaS/saas_final_project/app/models/membership.rb": {
        "lines": [
          1,
          1,
          1,
          null,
          null
        ]
      },
      "/home/evantilu/Columbia/4995_ESaaS/saas_final_project/app/models/groupevent.rb": {
        "lines": [
          1,
          1,
          null,
          1,
          null
        ]
      },
      "/home/evantilu/Columbia/4995_ESaaS/saas_final_project/app/controllers/groupevents_controller.rb": {
        "lines": [
          1,
          null,
          null,
          1,
          1,
          1,
          null,
          null,
          1,
          1,
          1,
          null,
          null,
          1,
          null,
          1,
          1,
          null,
          null,
          1,
          1,
          null,
          null,
          null
        ]
      },
      "/home/evantilu/Columbia/4995_ESaaS/saas_final_project/app/controllers/memberships_controller.rb": {
        "lines": [
          1,
          1,
          1,
          null,
          1,
          null,
          1,
          1,
          1,
          null,
          null,
          null,
          null,
          null,
          null,
          null,
          null,
          null,
          null,
          1,
          1,
          1,
          1,
          1,
          1,
          1,
          null,
          null,
          null,
          null,
          null,
          null
        ]
      },
      "/home/evantilu/Columbia/4995_ESaaS/saas_final_project/app/controllers/users_controller.rb": {
        "lines": [
          1,
          null
        ]
      },
      "/home/evantilu/Columbia/4995_ESaaS/saas_final_project/app/channels/application_cable/channel.rb": {
        "lines": [
          null,
          null,
          null,
          null
        ],
        "branches": {
        }
      },
      "/home/evantilu/Columbia/4995_ESaaS/saas_final_project/app/channels/application_cable/connection.rb": {
        "lines": [
          null,
          null,
          null,
          null
        ],
        "branches": {
        }
      },
      "/home/evantilu/Columbia/4995_ESaaS/saas_final_project/app/jobs/application_job.rb": {
        "lines": [
          null,
          null,
          null,
          null,
          null,
          null,
          null
        ],
        "branches": {
        }
      },
      "/home/evantilu/Columbia/4995_ESaaS/saas_final_project/app/mailers/user_mailer.rb": {
        "lines": [
          0,
          0,
          null,
          0,
          0,
          0,
          0,
          0,
          0
        ],
        "branches": {
        }
      },
      "/home/evantilu/Columbia/4995_ESaaS/saas_final_project/app/mailers/application_mailer.rb": {
        "lines": [
          0,
          0,
          0,
          0
        ],
        "branches": {
        }
      }
    },
    "timestamp": 1639858990
  },
  "RSpec": {
    "coverage": {
      "/Users/chengzhang/Desktop/saas_final_project/config/environment.rb": {
        "lines": [
          null,
          1,
          null,
          null,
          1
        ]
      },
      "/Users/chengzhang/Desktop/saas_final_project/config/application.rb": {
        "lines": [
          1,
          null,
          1,
          null,
          null,
          null,
          1,
          null,
          1,
          1,
          null,
          1,
          1,
          null,
          null,
          null,
          null,
          null,
          null,
          null,
          null,
          null,
          null
        ]
      },
      "/Users/chengzhang/Desktop/saas_final_project/config/boot.rb": {
        "lines": [
          1,
          null,
          1,
          1
        ]
      },
      "/Users/chengzhang/Desktop/saas_final_project/config/environments/test.rb": {
        "lines": [
          1,
          null,
          null,
          null,
          null,
          null,
          null,
          1,
          null,
          1,
          1,
          null,
          null,
          1,
          1,
          null,
          null,
          null,
          null,
          1,
          null,
          null,
          1,
          1,
          null,
          null,
          null,
          null,
          1,
          1,
          1,
          null,
          null,
          1,
          null,
          null,
          1,
          null,
          null,
          1,
          null,
          1,
          null,
          null,
          null,
          null,
          1,
          null,
          null,
          1,
          null,
          null,
          1,
          null,
          null,
          1,
          null,
          null,
          null,
          null,
          null,
          null,
          1,
          null
        ]
      },
      "/Users/chengzhang/Desktop/saas_final_project/config/initializers/application_controller_renderer.rb": {
        "lines": [
          null,
          null,
          null,
          null,
          null,
          null,
          null,
          null
        ]
      },
      "/Users/chengzhang/Desktop/saas_final_project/config/initializers/assets.rb": {
        "lines": [
          null,
          null,
          null,
          1,
          null,
          null,
          null,
          null,
          1,
          null,
          null,
          null,
          null,
          null
        ]
      },
      "/Users/chengzhang/Desktop/saas_final_project/config/initializers/backtrace_silencers.rb": {
        "lines": [
          null,
          null,
          null,
          null,
          null,
          null,
          null,
          1
        ]
      },
      "/Users/chengzhang/Desktop/saas_final_project/config/initializers/clearance.rb": {
        "lines": [
          1,
          1,
          null
        ]
      },
      "/Users/chengzhang/Desktop/saas_final_project/config/initializers/content_security_policy.rb": {
        "lines": [
          null,
          null,
          null,
          null,
          null,
          null,
          null,
          null,
          null,
          null,
          null,
          null,
          null,
          null,
          null,
          null,
          null,
          null,
          null,
          null,
          null,
          null,
          null,
          null,
          null,
          null,
          null,
          null,
          null,
          null
        ]
      },
      "/Users/chengzhang/Desktop/saas_final_project/config/initializers/cookies_serializer.rb": {
        "lines": [
          null,
          null,
          null,
          null,
          1
        ]
      },
      "/Users/chengzhang/Desktop/saas_final_project/config/initializers/filter_parameter_logging.rb": {
        "lines": [
          null,
          null,
          null,
          1,
          null,
          null
        ]
      },
      "/Users/chengzhang/Desktop/saas_final_project/config/initializers/inflections.rb": {
        "lines": [
          null,
          null,
          null,
          null,
          null,
          null,
          null,
          null,
          null,
          null,
          null,
          null,
          null,
          null,
          null,
          null
        ]
      },
      "/Users/chengzhang/Desktop/saas_final_project/config/initializers/mime_types.rb": {
        "lines": [
          null,
          null,
          null,
          null
        ]
      },
      "/Users/chengzhang/Desktop/saas_final_project/config/initializers/permissions_policy.rb": {
        "lines": [
          null,
          null,
          null,
          null,
          null,
          null,
          null,
          null,
          null,
          null,
          null
        ]
      },
      "/Users/chengzhang/Desktop/saas_final_project/config/initializers/wrap_parameters.rb": {
        "lines": [
          null,
          null,
          null,
          null,
          null,
          null,
          1,
          2,
          null,
          null,
          null,
          null,
          null,
          null
        ]
      },
      "/Users/chengzhang/Desktop/saas_final_project/config/routes.rb": {
        "lines": [
          1,
          1,
          null,
          null,
          1,
          1,
          null,
          1,
          1,
          null,
          1,
          1,
          1,
          1,
          1,
          1,
          1,
          1,
          null
        ]
      },
      "/Users/chengzhang/Desktop/saas_final_project/app/helpers/application_helper.rb": {
        "lines": [
          1,
          null
        ]
      },
      "/Users/chengzhang/Desktop/saas_final_project/app/helpers/events_helper.rb": {
        "lines": [
          1,
          null
        ]
      },
      "/Users/chengzhang/Desktop/saas_final_project/app/models/user.rb": {
        "lines": [
          1,
          1,
          null,
          1,
          null,
          1,
          1,
          null
        ]
      },
      "/Users/chengzhang/Desktop/saas_final_project/app/models/application_record.rb": {
        "lines": [
          1,
          1,
          null
        ]
      },
      "/Users/chengzhang/Desktop/saas_final_project/app/controllers/events_controller.rb": {
        "lines": [
          1,
          null,
          null,
          1,
          null,
          1,
          1,
          null,
          null,
          1,
          0,
          null,
          null,
          1,
          0,
          0,
          null,
          null,
          1,
          0,
          0,
          0,
          0,
          null,
          null,
          1,
          0,
          0,
          null,
          null,
          null,
          null,
          1,
          0,
          null,
          null,
          null,
          1,
          null,
          1,
          0,
          null,
          null,
          null,
          null
        ]
      },
      "/Users/chengzhang/Desktop/saas_final_project/app/controllers/application_controller.rb": {
        "lines": [
          1,
          1,
          null
        ]
      },
      "/Users/chengzhang/Desktop/saas_final_project/app/models/event.rb": {
        "lines": [
          1,
          1,
          null,
          1,
          null
        ]
      }
    },
    "timestamp": 1637030408
  }
}
